[0.641s] Invoking command in '/home/khemin/final_ws/src/slam': PYTHONPATH=/home/khemin/final_ws/build/slam/prefix_override:/usr/lib/python3/dist-packages/colcon_core/task/python/colcon_distutils_commands:/home/khemin/final_ws/install/slam/lib/python3.10/site-packages:${PYTHONPATH} /usr/bin/python3 -W ignore:setup.py install is deprecated -W ignore:easy_install command is deprecated setup.py egg_info --egg-base ../../build/slam build --build-base /home/khemin/final_ws/build/slam/build install --record /home/khemin/final_ws/build/slam/install.log --single-version-externally-managed install_data
[0.821s] running egg_info
[0.821s] creating ../../build/slam/slam.egg-info
[0.833s] writing ../../build/slam/slam.egg-info/PKG-INFO
[0.833s] writing dependency_links to ../../build/slam/slam.egg-info/dependency_links.txt
[0.833s] writing requirements to ../../build/slam/slam.egg-info/requires.txt
[0.833s] writing top-level names to ../../build/slam/slam.egg-info/top_level.txt
[0.834s] writing manifest file '../../build/slam/slam.egg-info/SOURCES.txt'
[0.858s] reading manifest file '../../build/slam/slam.egg-info/SOURCES.txt'
[0.858s] writing manifest file '../../build/slam/slam.egg-info/SOURCES.txt'
[0.859s] running build
[0.859s] running build_py
[0.859s] creating /home/khemin/final_ws/build/slam/build
[0.859s] creating /home/khemin/final_ws/build/slam/build/lib
[0.859s] creating /home/khemin/final_ws/build/slam/build/lib/slam
[0.859s] copying slam/__init__.py -> /home/khemin/final_ws/build/slam/build/lib/slam
[0.859s] running install
[0.863s] running install_lib
[0.875s] creating /home/khemin/final_ws/install/slam/lib/python3.10/site-packages/slam
[0.875s] copying /home/khemin/final_ws/build/slam/build/lib/slam/__init__.py -> /home/khemin/final_ws/install/slam/lib/python3.10/site-packages/slam
[0.875s] byte-compiling /home/khemin/final_ws/install/slam/lib/python3.10/site-packages/slam/__init__.py to __init__.cpython-310.pyc
[0.876s] running install_data
[0.876s] creating /home/khemin/final_ws/install/slam/share/ament_index
[0.876s] creating /home/khemin/final_ws/install/slam/share/ament_index/resource_index
[0.876s] creating /home/khemin/final_ws/install/slam/share/ament_index/resource_index/packages
[0.876s] copying resource/slam -> /home/khemin/final_ws/install/slam/share/ament_index/resource_index/packages
[0.876s] copying package.xml -> /home/khemin/final_ws/install/slam/share/slam
[0.876s] running install_egg_info
[0.891s] Copying ../../build/slam/slam.egg-info to /home/khemin/final_ws/install/slam/lib/python3.10/site-packages/slam-0.0.0-py3.10.egg-info
[0.891s] running install_scripts
[1.014s] writing list of installed files to '/home/khemin/final_ws/build/slam/install.log'
[1.033s] Invoked command in '/home/khemin/final_ws/src/slam' returned '0': PYTHONPATH=/home/khemin/final_ws/build/slam/prefix_override:/usr/lib/python3/dist-packages/colcon_core/task/python/colcon_distutils_commands:/home/khemin/final_ws/install/slam/lib/python3.10/site-packages:${PYTHONPATH} /usr/bin/python3 -W ignore:setup.py install is deprecated -W ignore:easy_install command is deprecated setup.py egg_info --egg-base ../../build/slam build --build-base /home/khemin/final_ws/build/slam/build install --record /home/khemin/final_ws/build/slam/install.log --single-version-externally-managed install_data
