[0.081s] DEBUG:colcon:Command line arguments: ['/usr/bin/colcon', 'build']
[0.081s] DEBUG:colcon:Parsed command line arguments: Namespace(log_base=None, log_level=None, verb_name='build', build_base='build', install_base='install', merge_install=False, symlink_install=False, test_result_base=None, continue_on_error=False, executor='parallel', parallel_workers=16, event_handlers=None, ignore_user_meta=False, metas=['./colcon.meta'], base_paths=['.'], packages_ignore=None, packages_ignore_regex=None, paths=None, packages_up_to=None, packages_up_to_regex=None, packages_above=None, packages_above_and_dependencies=None, packages_above_depth=None, packages_select_by_dep=None, packages_skip_by_dep=None, packages_skip_up_to=None, packages_select_build_failed=False, packages_skip_build_finished=False, packages_select_test_failures=False, packages_skip_test_passed=False, packages_select=None, packages_skip=None, packages_select_regex=None, packages_skip_regex=None, packages_start=None, packages_end=None, allow_overriding=[], cmake_args=None, cmake_target=None, cmake_target_skip_unavailable=False, cmake_clean_cache=False, cmake_clean_first=False, cmake_force_configure=False, ament_cmake_args=None, catkin_cmake_args=None, catkin_skip_building_tests=False, mixin_files=None, mixin=None, verb_parser=<colcon_mixin.mixin.mixin_argument.MixinArgumentDecorator object at 0x78cba3b7d9c0>, verb_extension=<colcon_core.verb.build.BuildVerb object at 0x78cba3b03220>, main=<bound method BuildVerb.main of <colcon_core.verb.build.BuildVerb object at 0x78cba3b03220>>, mixin_verb=('build',))
[0.108s] Level 1:colcon.colcon_core.package_discovery:discover_packages(colcon_meta) check parameters
[0.108s] Level 1:colcon.colcon_core.package_discovery:discover_packages(recursive) check parameters
[0.108s] Level 1:colcon.colcon_core.package_discovery:discover_packages(ignore) check parameters
[0.108s] Level 1:colcon.colcon_core.package_discovery:discover_packages(path) check parameters
[0.108s] Level 1:colcon.colcon_core.package_discovery:discover_packages(colcon_meta) discover
[0.108s] Level 1:colcon.colcon_core.package_discovery:discover_packages(recursive) discover
[0.108s] INFO:colcon.colcon_core.package_discovery:Crawling recursively for packages in '/home/khemin/final_ws'
[0.108s] Level 1:colcon.colcon_core.package_identification:_identify(.) by extensions ['ignore', 'ignore_ament_install']
[0.108s] Level 1:colcon.colcon_core.package_identification:_identify(.) by extension 'ignore'
[0.108s] Level 1:colcon.colcon_core.package_identification:_identify(.) by extension 'ignore_ament_install'
[0.108s] Level 1:colcon.colcon_core.package_identification:_identify(.) by extensions ['colcon_pkg']
[0.108s] Level 1:colcon.colcon_core.package_identification:_identify(.) by extension 'colcon_pkg'
[0.108s] Level 1:colcon.colcon_core.package_identification:_identify(.) by extensions ['colcon_meta']
[0.108s] Level 1:colcon.colcon_core.package_identification:_identify(.) by extension 'colcon_meta'
[0.108s] Level 1:colcon.colcon_core.package_identification:_identify(.) by extensions ['ros']
[0.108s] Level 1:colcon.colcon_core.package_identification:_identify(.) by extension 'ros'
[0.119s] Level 1:colcon.colcon_core.package_identification:_identify(.) by extensions ['cmake', 'python']
[0.119s] Level 1:colcon.colcon_core.package_identification:_identify(.) by extension 'cmake'
[0.119s] Level 1:colcon.colcon_core.package_identification:_identify(.) by extension 'python'
[0.119s] Level 1:colcon.colcon_core.package_identification:_identify(.) by extensions ['python_setup_py']
[0.119s] Level 1:colcon.colcon_core.package_identification:_identify(.) by extension 'python_setup_py'
[0.119s] Level 1:colcon.colcon_core.package_identification:_identify(build) by extensions ['ignore', 'ignore_ament_install']
[0.119s] Level 1:colcon.colcon_core.package_identification:_identify(build) by extension 'ignore'
[0.119s] Level 1:colcon.colcon_core.package_identification:_identify(build) ignored
[0.119s] Level 1:colcon.colcon_core.package_identification:_identify(install) by extensions ['ignore', 'ignore_ament_install']
[0.119s] Level 1:colcon.colcon_core.package_identification:_identify(install) by extension 'ignore'
[0.119s] Level 1:colcon.colcon_core.package_identification:_identify(install) ignored
[0.119s] Level 1:colcon.colcon_core.package_identification:_identify(log) by extensions ['ignore', 'ignore_ament_install']
[0.119s] Level 1:colcon.colcon_core.package_identification:_identify(log) by extension 'ignore'
[0.119s] Level 1:colcon.colcon_core.package_identification:_identify(log) ignored
[0.119s] Level 1:colcon.colcon_core.package_identification:_identify(src) by extensions ['ignore', 'ignore_ament_install']
[0.119s] Level 1:colcon.colcon_core.package_identification:_identify(src) by extension 'ignore'
[0.119s] Level 1:colcon.colcon_core.package_identification:_identify(src) by extension 'ignore_ament_install'
[0.119s] Level 1:colcon.colcon_core.package_identification:_identify(src) by extensions ['colcon_pkg']
[0.119s] Level 1:colcon.colcon_core.package_identification:_identify(src) by extension 'colcon_pkg'
[0.119s] Level 1:colcon.colcon_core.package_identification:_identify(src) by extensions ['colcon_meta']
[0.119s] Level 1:colcon.colcon_core.package_identification:_identify(src) by extension 'colcon_meta'
[0.119s] Level 1:colcon.colcon_core.package_identification:_identify(src) by extensions ['ros']
[0.119s] Level 1:colcon.colcon_core.package_identification:_identify(src) by extension 'ros'
[0.119s] Level 1:colcon.colcon_core.package_identification:_identify(src) by extensions ['cmake', 'python']
[0.120s] Level 1:colcon.colcon_core.package_identification:_identify(src) by extension 'cmake'
[0.120s] Level 1:colcon.colcon_core.package_identification:_identify(src) by extension 'python'
[0.120s] Level 1:colcon.colcon_core.package_identification:_identify(src) by extensions ['python_setup_py']
[0.120s] Level 1:colcon.colcon_core.package_identification:_identify(src) by extension 'python_setup_py'
[0.120s] Level 1:colcon.colcon_core.package_identification:_identify(src/my_nav2_bringup) by extensions ['ignore', 'ignore_ament_install']
[0.120s] Level 1:colcon.colcon_core.package_identification:_identify(src/my_nav2_bringup) by extension 'ignore'
[0.120s] Level 1:colcon.colcon_core.package_identification:_identify(src/my_nav2_bringup) by extension 'ignore_ament_install'
[0.120s] Level 1:colcon.colcon_core.package_identification:_identify(src/my_nav2_bringup) by extensions ['colcon_pkg']
[0.120s] Level 1:colcon.colcon_core.package_identification:_identify(src/my_nav2_bringup) by extension 'colcon_pkg'
[0.120s] Level 1:colcon.colcon_core.package_identification:_identify(src/my_nav2_bringup) by extensions ['colcon_meta']
[0.120s] Level 1:colcon.colcon_core.package_identification:_identify(src/my_nav2_bringup) by extension 'colcon_meta'
[0.120s] Level 1:colcon.colcon_core.package_identification:_identify(src/my_nav2_bringup) by extensions ['ros']
[0.120s] Level 1:colcon.colcon_core.package_identification:_identify(src/my_nav2_bringup) by extension 'ros'
[0.121s] DEBUG:colcon.colcon_core.package_identification:Package 'src/my_nav2_bringup' with type 'ros.ament_python' and name 'my_nav2_bringup'
[0.122s] Level 1:colcon.colcon_core.package_identification:_identify(src/rf2o_laser_odometry) by extensions ['ignore', 'ignore_ament_install']
[0.122s] Level 1:colcon.colcon_core.package_identification:_identify(src/rf2o_laser_odometry) by extension 'ignore'
[0.122s] Level 1:colcon.colcon_core.package_identification:_identify(src/rf2o_laser_odometry) by extension 'ignore_ament_install'
[0.122s] Level 1:colcon.colcon_core.package_identification:_identify(src/rf2o_laser_odometry) by extensions ['colcon_pkg']
[0.122s] Level 1:colcon.colcon_core.package_identification:_identify(src/rf2o_laser_odometry) by extension 'colcon_pkg'
[0.122s] Level 1:colcon.colcon_core.package_identification:_identify(src/rf2o_laser_odometry) by extensions ['colcon_meta']
[0.122s] Level 1:colcon.colcon_core.package_identification:_identify(src/rf2o_laser_odometry) by extension 'colcon_meta'
[0.122s] Level 1:colcon.colcon_core.package_identification:_identify(src/rf2o_laser_odometry) by extensions ['ros']
[0.122s] Level 1:colcon.colcon_core.package_identification:_identify(src/rf2o_laser_odometry) by extension 'ros'
[0.122s] DEBUG:colcon.colcon_core.package_identification:Package 'src/rf2o_laser_odometry' with type 'ros.ament_cmake' and name 'rf2o_laser_odometry'
[0.122s] Level 1:colcon.colcon_core.package_identification:_identify(src/slam) by extensions ['ignore', 'ignore_ament_install']
[0.123s] Level 1:colcon.colcon_core.package_identification:_identify(src/slam) by extension 'ignore'
[0.123s] Level 1:colcon.colcon_core.package_identification:_identify(src/slam) by extension 'ignore_ament_install'
[0.123s] Level 1:colcon.colcon_core.package_identification:_identify(src/slam) by extensions ['colcon_pkg']
[0.123s] Level 1:colcon.colcon_core.package_identification:_identify(src/slam) by extension 'colcon_pkg'
[0.123s] Level 1:colcon.colcon_core.package_identification:_identify(src/slam) by extensions ['colcon_meta']
[0.123s] Level 1:colcon.colcon_core.package_identification:_identify(src/slam) by extension 'colcon_meta'
[0.123s] Level 1:colcon.colcon_core.package_identification:_identify(src/slam) by extensions ['ros']
[0.123s] Level 1:colcon.colcon_core.package_identification:_identify(src/slam) by extension 'ros'
[0.123s] DEBUG:colcon.colcon_core.package_identification:Package 'src/slam' with type 'ros.ament_python' and name 'slam'
[0.123s] Level 1:colcon.colcon_core.package_identification:_identify(src/sllidar_ros2) by extensions ['ignore', 'ignore_ament_install']
[0.124s] Level 1:colcon.colcon_core.package_identification:_identify(src/sllidar_ros2) by extension 'ignore'
[0.124s] Level 1:colcon.colcon_core.package_identification:_identify(src/sllidar_ros2) by extension 'ignore_ament_install'
[0.124s] Level 1:colcon.colcon_core.package_identification:_identify(src/sllidar_ros2) by extensions ['colcon_pkg']
[0.124s] Level 1:colcon.colcon_core.package_identification:_identify(src/sllidar_ros2) by extension 'colcon_pkg'
[0.124s] Level 1:colcon.colcon_core.package_identification:_identify(src/sllidar_ros2) by extensions ['colcon_meta']
[0.124s] Level 1:colcon.colcon_core.package_identification:_identify(src/sllidar_ros2) by extension 'colcon_meta'
[0.124s] Level 1:colcon.colcon_core.package_identification:_identify(src/sllidar_ros2) by extensions ['ros']
[0.124s] Level 1:colcon.colcon_core.package_identification:_identify(src/sllidar_ros2) by extension 'ros'
[0.125s] DEBUG:colcon.colcon_core.package_identification:Package 'src/sllidar_ros2' with type 'ros.ament_cmake' and name 'sllidar_ros2'
[0.125s] Level 1:colcon.colcon_core.package_discovery:discover_packages(recursive) using defaults
[0.125s] Level 1:colcon.colcon_core.package_discovery:discover_packages(ignore) discover
[0.125s] Level 1:colcon.colcon_core.package_discovery:discover_packages(ignore) using defaults
[0.125s] Level 1:colcon.colcon_core.package_discovery:discover_packages(path) discover
[0.125s] Level 1:colcon.colcon_core.package_discovery:discover_packages(path) using defaults
[0.140s] Level 1:colcon.colcon_core.package_discovery:discover_packages(prefix_path) check parameters
[0.141s] Level 1:colcon.colcon_core.package_discovery:discover_packages(prefix_path) discover
[0.141s] WARNING:colcon.colcon_ros.prefix_path.ament:The path '/home/khemin/final_ws/install/my_nav2_bringup' in the environment variable AMENT_PREFIX_PATH doesn't exist
[0.141s] WARNING:colcon.colcon_ros.prefix_path.ament:The path '/home/khemin/final_ws/install/sllidar_ros2' in the environment variable AMENT_PREFIX_PATH doesn't exist
[0.141s] WARNING:colcon.colcon_ros.prefix_path.ament:The path '/home/khemin/final_ws/install/slam' in the environment variable AMENT_PREFIX_PATH doesn't exist
[0.141s] WARNING:colcon.colcon_ros.prefix_path.ament:The path '/home/khemin/final_ws/install/rf2o_laser_odometry' in the environment variable AMENT_PREFIX_PATH doesn't exist
[0.142s] WARNING:colcon.colcon_ros.prefix_path.catkin:The path '/home/khemin/final_ws/install/sllidar_ros2' in the environment variable CMAKE_PREFIX_PATH doesn't exist
[0.142s] WARNING:colcon.colcon_ros.prefix_path.catkin:The path '/home/khemin/final_ws/install/rf2o_laser_odometry' in the environment variable CMAKE_PREFIX_PATH doesn't exist
[0.142s] DEBUG:colcon.colcon_installed_package_information.package_discovery:Found 0 installed packages in /home/khemin/final_ws/install
[0.143s] DEBUG:colcon.colcon_installed_package_information.package_discovery:Found 5 installed packages in /home/khemin/ros2_ws/install
[0.143s] DEBUG:colcon.colcon_installed_package_information.package_discovery:Found 9 installed packages in /home/khemin/rosbot_ws/install
[0.144s] DEBUG:colcon.colcon_installed_package_information.package_discovery:Found 8 installed packages in /home/khemin/rosbot_ws/src/rosbot_ros/install
[0.144s] DEBUG:colcon.colcon_installed_package_information.package_discovery:Found 2 installed packages in /home/khemin/ws_lidar/install
[0.146s] DEBUG:colcon.colcon_installed_package_information.package_discovery:Found 469 installed packages in /opt/ros/humble
[0.147s] Level 1:colcon.colcon_core.package_discovery:discover_packages(prefix_path) using defaults
[0.195s] Level 5:colcon.colcon_core.verb:set package 'my_nav2_bringup' build argument 'cmake_args' from command line to 'None'
[0.195s] Level 5:colcon.colcon_core.verb:set package 'my_nav2_bringup' build argument 'cmake_target' from command line to 'None'
[0.195s] Level 5:colcon.colcon_core.verb:set package 'my_nav2_bringup' build argument 'cmake_target_skip_unavailable' from command line to 'False'
[0.195s] Level 5:colcon.colcon_core.verb:set package 'my_nav2_bringup' build argument 'cmake_clean_cache' from command line to 'False'
[0.195s] Level 5:colcon.colcon_core.verb:set package 'my_nav2_bringup' build argument 'cmake_clean_first' from command line to 'False'
[0.195s] Level 5:colcon.colcon_core.verb:set package 'my_nav2_bringup' build argument 'cmake_force_configure' from command line to 'False'
[0.195s] Level 5:colcon.colcon_core.verb:set package 'my_nav2_bringup' build argument 'ament_cmake_args' from command line to 'None'
[0.195s] Level 5:colcon.colcon_core.verb:set package 'my_nav2_bringup' build argument 'catkin_cmake_args' from command line to 'None'
[0.195s] Level 5:colcon.colcon_core.verb:set package 'my_nav2_bringup' build argument 'catkin_skip_building_tests' from command line to 'False'
[0.195s] DEBUG:colcon.colcon_core.verb:Building package 'my_nav2_bringup' with the following arguments: {'ament_cmake_args': None, 'build_base': '/home/khemin/final_ws/build/my_nav2_bringup', 'catkin_cmake_args': None, 'catkin_skip_building_tests': False, 'cmake_args': None, 'cmake_clean_cache': False, 'cmake_clean_first': False, 'cmake_force_configure': False, 'cmake_target': None, 'cmake_target_skip_unavailable': False, 'install_base': '/home/khemin/final_ws/install/my_nav2_bringup', 'merge_install': False, 'path': '/home/khemin/final_ws/src/my_nav2_bringup', 'symlink_install': False, 'test_result_base': None}
[0.195s] Level 5:colcon.colcon_core.verb:set package 'rf2o_laser_odometry' build argument 'cmake_args' from command line to 'None'
[0.196s] Level 5:colcon.colcon_core.verb:set package 'rf2o_laser_odometry' build argument 'cmake_target' from command line to 'None'
[0.196s] Level 5:colcon.colcon_core.verb:set package 'rf2o_laser_odometry' build argument 'cmake_target_skip_unavailable' from command line to 'False'
[0.196s] Level 5:colcon.colcon_core.verb:set package 'rf2o_laser_odometry' build argument 'cmake_clean_cache' from command line to 'False'
[0.196s] Level 5:colcon.colcon_core.verb:set package 'rf2o_laser_odometry' build argument 'cmake_clean_first' from command line to 'False'
[0.196s] Level 5:colcon.colcon_core.verb:set package 'rf2o_laser_odometry' build argument 'cmake_force_configure' from command line to 'False'
[0.196s] Level 5:colcon.colcon_core.verb:set package 'rf2o_laser_odometry' build argument 'ament_cmake_args' from command line to 'None'
[0.196s] Level 5:colcon.colcon_core.verb:set package 'rf2o_laser_odometry' build argument 'catkin_cmake_args' from command line to 'None'
[0.196s] Level 5:colcon.colcon_core.verb:set package 'rf2o_laser_odometry' build argument 'catkin_skip_building_tests' from command line to 'False'
[0.196s] DEBUG:colcon.colcon_core.verb:Building package 'rf2o_laser_odometry' with the following arguments: {'ament_cmake_args': None, 'build_base': '/home/khemin/final_ws/build/rf2o_laser_odometry', 'catkin_cmake_args': None, 'catkin_skip_building_tests': False, 'cmake_args': None, 'cmake_clean_cache': False, 'cmake_clean_first': False, 'cmake_force_configure': False, 'cmake_target': None, 'cmake_target_skip_unavailable': False, 'install_base': '/home/khemin/final_ws/install/rf2o_laser_odometry', 'merge_install': False, 'path': '/home/khemin/final_ws/src/rf2o_laser_odometry', 'symlink_install': False, 'test_result_base': None}
[0.196s] Level 5:colcon.colcon_core.verb:set package 'slam' build argument 'cmake_args' from command line to 'None'
[0.196s] Level 5:colcon.colcon_core.verb:set package 'slam' build argument 'cmake_target' from command line to 'None'
[0.196s] Level 5:colcon.colcon_core.verb:set package 'slam' build argument 'cmake_target_skip_unavailable' from command line to 'False'
[0.196s] Level 5:colcon.colcon_core.verb:set package 'slam' build argument 'cmake_clean_cache' from command line to 'False'
[0.196s] Level 5:colcon.colcon_core.verb:set package 'slam' build argument 'cmake_clean_first' from command line to 'False'
[0.196s] Level 5:colcon.colcon_core.verb:set package 'slam' build argument 'cmake_force_configure' from command line to 'False'
[0.196s] Level 5:colcon.colcon_core.verb:set package 'slam' build argument 'ament_cmake_args' from command line to 'None'
[0.196s] Level 5:colcon.colcon_core.verb:set package 'slam' build argument 'catkin_cmake_args' from command line to 'None'
[0.196s] Level 5:colcon.colcon_core.verb:set package 'slam' build argument 'catkin_skip_building_tests' from command line to 'False'
[0.196s] DEBUG:colcon.colcon_core.verb:Building package 'slam' with the following arguments: {'ament_cmake_args': None, 'build_base': '/home/khemin/final_ws/build/slam', 'catkin_cmake_args': None, 'catkin_skip_building_tests': False, 'cmake_args': None, 'cmake_clean_cache': False, 'cmake_clean_first': False, 'cmake_force_configure': False, 'cmake_target': None, 'cmake_target_skip_unavailable': False, 'install_base': '/home/khemin/final_ws/install/slam', 'merge_install': False, 'path': '/home/khemin/final_ws/src/slam', 'symlink_install': False, 'test_result_base': None}
[0.196s] Level 5:colcon.colcon_core.verb:set package 'sllidar_ros2' build argument 'cmake_args' from command line to 'None'
[0.196s] Level 5:colcon.colcon_core.verb:set package 'sllidar_ros2' build argument 'cmake_target' from command line to 'None'
[0.196s] Level 5:colcon.colcon_core.verb:set package 'sllidar_ros2' build argument 'cmake_target_skip_unavailable' from command line to 'False'
[0.196s] Level 5:colcon.colcon_core.verb:set package 'sllidar_ros2' build argument 'cmake_clean_cache' from command line to 'False'
[0.196s] Level 5:colcon.colcon_core.verb:set package 'sllidar_ros2' build argument 'cmake_clean_first' from command line to 'False'
[0.196s] Level 5:colcon.colcon_core.verb:set package 'sllidar_ros2' build argument 'cmake_force_configure' from command line to 'False'
[0.196s] Level 5:colcon.colcon_core.verb:set package 'sllidar_ros2' build argument 'ament_cmake_args' from command line to 'None'
[0.196s] Level 5:colcon.colcon_core.verb:set package 'sllidar_ros2' build argument 'catkin_cmake_args' from command line to 'None'
[0.196s] Level 5:colcon.colcon_core.verb:set package 'sllidar_ros2' build argument 'catkin_skip_building_tests' from command line to 'False'
[0.196s] DEBUG:colcon.colcon_core.verb:Building package 'sllidar_ros2' with the following arguments: {'ament_cmake_args': None, 'build_base': '/home/khemin/final_ws/build/sllidar_ros2', 'catkin_cmake_args': None, 'catkin_skip_building_tests': False, 'cmake_args': None, 'cmake_clean_cache': False, 'cmake_clean_first': False, 'cmake_force_configure': False, 'cmake_target': None, 'cmake_target_skip_unavailable': False, 'install_base': '/home/khemin/final_ws/install/sllidar_ros2', 'merge_install': False, 'path': '/home/khemin/final_ws/src/sllidar_ros2', 'symlink_install': False, 'test_result_base': None}
[0.196s] INFO:colcon.colcon_core.executor:Executing jobs using 'parallel' executor
[0.197s] DEBUG:colcon.colcon_parallel_executor.executor.parallel:run_until_complete
[0.197s] INFO:colcon.colcon_ros.task.ament_python.build:Building ROS package in '/home/khemin/final_ws/src/my_nav2_bringup' with build type 'ament_python'
[0.198s] Level 1:colcon.colcon_core.shell:create_environment_hook('my_nav2_bringup', 'ament_prefix_path')
[0.199s] INFO:colcon.colcon_core.plugin_system:Skipping extension 'colcon_core.shell.bat': Not used on non-Windows systems
[0.199s] INFO:colcon.colcon_core.shell:Creating environment hook '/home/khemin/final_ws/install/my_nav2_bringup/share/my_nav2_bringup/hook/ament_prefix_path.ps1'
[0.200s] INFO:colcon.colcon_core.shell:Creating environment descriptor '/home/khemin/final_ws/install/my_nav2_bringup/share/my_nav2_bringup/hook/ament_prefix_path.dsv'
[0.200s] INFO:colcon.colcon_core.shell:Creating environment hook '/home/khemin/final_ws/install/my_nav2_bringup/share/my_nav2_bringup/hook/ament_prefix_path.sh'
[0.201s] INFO:colcon.colcon_core.shell:Skip shell extension 'powershell' for command environment: Not usable outside of PowerShell
[0.201s] DEBUG:colcon.colcon_core.shell:Skip shell extension 'dsv' for command environment
[0.205s] INFO:colcon.colcon_ros.task.ament_cmake.build:Building ROS package in '/home/khemin/final_ws/src/rf2o_laser_odometry' with build type 'ament_cmake'
[0.206s] INFO:colcon.colcon_cmake.task.cmake.build:Building CMake package in '/home/khemin/final_ws/src/rf2o_laser_odometry'
[0.206s] INFO:colcon.colcon_core.shell:Skip shell extension 'powershell' for command environment: Not usable outside of PowerShell
[0.206s] DEBUG:colcon.colcon_core.shell:Skip shell extension 'dsv' for command environment
[0.210s] INFO:colcon.colcon_ros.task.ament_python.build:Building ROS package in '/home/khemin/final_ws/src/slam' with build type 'ament_python'
[0.210s] Level 1:colcon.colcon_core.shell:create_environment_hook('slam', 'ament_prefix_path')
[0.211s] INFO:colcon.colcon_core.shell:Creating environment hook '/home/khemin/final_ws/install/slam/share/slam/hook/ament_prefix_path.ps1'
[0.211s] INFO:colcon.colcon_core.shell:Creating environment descriptor '/home/khemin/final_ws/install/slam/share/slam/hook/ament_prefix_path.dsv'
[0.211s] INFO:colcon.colcon_core.shell:Creating environment hook '/home/khemin/final_ws/install/slam/share/slam/hook/ament_prefix_path.sh'
[0.212s] INFO:colcon.colcon_core.shell:Skip shell extension 'powershell' for command environment: Not usable outside of PowerShell
[0.212s] DEBUG:colcon.colcon_core.shell:Skip shell extension 'dsv' for command environment
[0.216s] INFO:colcon.colcon_ros.task.ament_cmake.build:Building ROS package in '/home/khemin/final_ws/src/sllidar_ros2' with build type 'ament_cmake'
[0.216s] INFO:colcon.colcon_cmake.task.cmake.build:Building CMake package in '/home/khemin/final_ws/src/sllidar_ros2'
[0.216s] INFO:colcon.colcon_core.shell:Skip shell extension 'powershell' for command environment: Not usable outside of PowerShell
[0.216s] DEBUG:colcon.colcon_core.shell:Skip shell extension 'dsv' for command environment
[0.371s] INFO:colcon.colcon_core.task.python.build:Building Python package in '/home/khemin/final_ws/src/my_nav2_bringup'
[0.372s] INFO:colcon.colcon_core.shell:Skip shell extension 'powershell' for command environment: Not usable outside of PowerShell
[0.372s] DEBUG:colcon.colcon_core.shell:Skip shell extension 'dsv' for command environment
[0.379s] DEBUG:colcon.colcon_core.event_handler.log_command:Invoking command in '/home/khemin/final_ws/build/rf2o_laser_odometry': CMAKE_PREFIX_PATH=${CMAKE_PREFIX_PATH}:/home/khemin/final_ws/install/my_nav2_bringup:/home/khemin/final_ws/install/slam:/home/khemin/ros2_ws/install/my_robot_bringup:/home/khemin/rosbot_ws/install/rosbot_utils:/home/khemin/rosbot_ws/install/rosbot_bringup:/home/khemin/rosbot_ws/src/rosbot_ros/install/rosbot_gazebo:/home/khemin/rosbot_ws/src/rosbot_ros/install/rosbot_controller:/home/khemin/rosbot_ws/src/rosbot_ros/install/rosbot_utils:/home/khemin/rosbot_ws/src/rosbot_ros/install/rosbot_bringup:/home/khemin/ws_lidar/install/lidar_processing:/opt/ros/humble /usr/bin/cmake /home/khemin/final_ws/src/rf2o_laser_odometry -DCMAKE_INSTALL_PREFIX=/home/khemin/final_ws/install/rf2o_laser_odometry
[0.534s] INFO:colcon.colcon_core.task.python.build:Building Python package in '/home/khemin/final_ws/src/slam'
[0.535s] INFO:colcon.colcon_core.shell:Skip shell extension 'powershell' for command environment: Not usable outside of PowerShell
[0.535s] DEBUG:colcon.colcon_core.shell:Skip shell extension 'dsv' for command environment
[0.543s] DEBUG:colcon.colcon_core.event_handler.log_command:Invoking command in '/home/khemin/final_ws/build/sllidar_ros2': CMAKE_PREFIX_PATH=${CMAKE_PREFIX_PATH}:/home/khemin/final_ws/install/my_nav2_bringup:/home/khemin/final_ws/install/slam:/home/khemin/ros2_ws/install/my_robot_bringup:/home/khemin/rosbot_ws/install/rosbot_utils:/home/khemin/rosbot_ws/install/rosbot_bringup:/home/khemin/rosbot_ws/src/rosbot_ros/install/rosbot_gazebo:/home/khemin/rosbot_ws/src/rosbot_ros/install/rosbot_controller:/home/khemin/rosbot_ws/src/rosbot_ros/install/rosbot_utils:/home/khemin/rosbot_ws/src/rosbot_ros/install/rosbot_bringup:/home/khemin/ws_lidar/install/lidar_processing:/opt/ros/humble /usr/bin/cmake /home/khemin/final_ws/src/sllidar_ros2 -DCMAKE_INSTALL_PREFIX=/home/khemin/final_ws/install/sllidar_ros2
[1.013s] DEBUG:colcon.colcon_core.event_handler.log_command:Invoking command in '/home/khemin/final_ws/src/my_nav2_bringup': PYTHONPATH=/home/khemin/final_ws/build/my_nav2_bringup/prefix_override:/usr/lib/python3/dist-packages/colcon_core/task/python/colcon_distutils_commands:/home/khemin/final_ws/install/my_nav2_bringup/lib/python3.10/site-packages:${PYTHONPATH} /usr/bin/python3 -W ignore:setup.py install is deprecated -W ignore:easy_install command is deprecated setup.py egg_info --egg-base ../../build/my_nav2_bringup build --build-base /home/khemin/final_ws/build/my_nav2_bringup/build install --record /home/khemin/final_ws/build/my_nav2_bringup/install.log --single-version-externally-managed install_data
[1.024s] DEBUG:colcon.colcon_core.event_handler.log_command:Invoking command in '/home/khemin/final_ws/src/slam': PYTHONPATH=/home/khemin/final_ws/build/slam/prefix_override:/usr/lib/python3/dist-packages/colcon_core/task/python/colcon_distutils_commands:/home/khemin/final_ws/install/slam/lib/python3.10/site-packages:${PYTHONPATH} /usr/bin/python3 -W ignore:setup.py install is deprecated -W ignore:easy_install command is deprecated setup.py egg_info --egg-base ../../build/slam build --build-base /home/khemin/final_ws/build/slam/build install --record /home/khemin/final_ws/build/slam/install.log --single-version-externally-managed install_data
[1.429s] DEBUG:colcon.colcon_core.event_handler.log_command:Invoked command in '/home/khemin/final_ws/src/my_nav2_bringup' returned '0': PYTHONPATH=/home/khemin/final_ws/build/my_nav2_bringup/prefix_override:/usr/lib/python3/dist-packages/colcon_core/task/python/colcon_distutils_commands:/home/khemin/final_ws/install/my_nav2_bringup/lib/python3.10/site-packages:${PYTHONPATH} /usr/bin/python3 -W ignore:setup.py install is deprecated -W ignore:easy_install command is deprecated setup.py egg_info --egg-base ../../build/my_nav2_bringup build --build-base /home/khemin/final_ws/build/my_nav2_bringup/build install --record /home/khemin/final_ws/build/my_nav2_bringup/install.log --single-version-externally-managed install_data
[1.430s] Level 1:colcon.colcon_core.environment:checking '/home/khemin/final_ws/install/my_nav2_bringup' for CMake module files
[1.430s] Level 1:colcon.colcon_core.environment:checking '/home/khemin/final_ws/install/my_nav2_bringup' for CMake config files
[1.431s] Level 1:colcon.colcon_core.environment:checking '/home/khemin/final_ws/install/my_nav2_bringup/lib'
[1.431s] Level 1:colcon.colcon_core.environment:checking '/home/khemin/final_ws/install/my_nav2_bringup/bin'
[1.431s] Level 1:colcon.colcon_core.environment:checking '/home/khemin/final_ws/install/my_nav2_bringup/lib/pkgconfig/my_nav2_bringup.pc'
[1.431s] Level 1:colcon.colcon_core.environment:checking '/home/khemin/final_ws/install/my_nav2_bringup/lib/python3.10/site-packages'
[1.431s] Level 1:colcon.colcon_core.shell:create_environment_hook('my_nav2_bringup', 'pythonpath')
[1.431s] INFO:colcon.colcon_core.shell:Creating environment hook '/home/khemin/final_ws/install/my_nav2_bringup/share/my_nav2_bringup/hook/pythonpath.ps1'
[1.432s] INFO:colcon.colcon_core.shell:Creating environment descriptor '/home/khemin/final_ws/install/my_nav2_bringup/share/my_nav2_bringup/hook/pythonpath.dsv'
[1.432s] INFO:colcon.colcon_core.shell:Creating environment hook '/home/khemin/final_ws/install/my_nav2_bringup/share/my_nav2_bringup/hook/pythonpath.sh'
[1.433s] Level 1:colcon.colcon_core.environment:checking '/home/khemin/final_ws/install/my_nav2_bringup/bin'
[1.433s] Level 1:colcon.colcon_core.environment:create_environment_scripts_only(my_nav2_bringup)
[1.433s] INFO:colcon.colcon_core.shell:Creating package script '/home/khemin/final_ws/install/my_nav2_bringup/share/my_nav2_bringup/package.ps1'
[1.433s] INFO:colcon.colcon_core.shell:Creating package descriptor '/home/khemin/final_ws/install/my_nav2_bringup/share/my_nav2_bringup/package.dsv'
[1.434s] INFO:colcon.colcon_core.shell:Creating package script '/home/khemin/final_ws/install/my_nav2_bringup/share/my_nav2_bringup/package.sh'
[1.434s] INFO:colcon.colcon_core.shell:Creating package script '/home/khemin/final_ws/install/my_nav2_bringup/share/my_nav2_bringup/package.bash'
[1.435s] INFO:colcon.colcon_core.shell:Creating package script '/home/khemin/final_ws/install/my_nav2_bringup/share/my_nav2_bringup/package.zsh'
[1.435s] Level 1:colcon.colcon_core.environment:create_file_with_runtime_dependencies(/home/khemin/final_ws/install/my_nav2_bringup/share/colcon-core/packages/my_nav2_bringup)
[1.444s] Level 1:colcon.colcon_core.environment:checking '/home/khemin/final_ws/install/slam' for CMake module files
[1.445s] DEBUG:colcon.colcon_core.event_handler.log_command:Invoked command in '/home/khemin/final_ws/src/slam' returned '0': PYTHONPATH=/home/khemin/final_ws/build/slam/prefix_override:/usr/lib/python3/dist-packages/colcon_core/task/python/colcon_distutils_commands:/home/khemin/final_ws/install/slam/lib/python3.10/site-packages:${PYTHONPATH} /usr/bin/python3 -W ignore:setup.py install is deprecated -W ignore:easy_install command is deprecated setup.py egg_info --egg-base ../../build/slam build --build-base /home/khemin/final_ws/build/slam/build install --record /home/khemin/final_ws/build/slam/install.log --single-version-externally-managed install_data
[1.445s] Level 1:colcon.colcon_core.environment:checking '/home/khemin/final_ws/install/slam' for CMake config files
[1.446s] Level 1:colcon.colcon_core.environment:checking '/home/khemin/final_ws/install/slam/lib'
[1.446s] Level 1:colcon.colcon_core.environment:checking '/home/khemin/final_ws/install/slam/bin'
[1.446s] Level 1:colcon.colcon_core.environment:checking '/home/khemin/final_ws/install/slam/lib/pkgconfig/slam.pc'
[1.446s] Level 1:colcon.colcon_core.environment:checking '/home/khemin/final_ws/install/slam/lib/python3.10/site-packages'
[1.446s] Level 1:colcon.colcon_core.shell:create_environment_hook('slam', 'pythonpath')
[1.446s] INFO:colcon.colcon_core.shell:Creating environment hook '/home/khemin/final_ws/install/slam/share/slam/hook/pythonpath.ps1'
[1.447s] INFO:colcon.colcon_core.shell:Creating environment descriptor '/home/khemin/final_ws/install/slam/share/slam/hook/pythonpath.dsv'
[1.447s] INFO:colcon.colcon_core.shell:Creating environment hook '/home/khemin/final_ws/install/slam/share/slam/hook/pythonpath.sh'
[1.448s] Level 1:colcon.colcon_core.environment:checking '/home/khemin/final_ws/install/slam/bin'
[1.448s] Level 1:colcon.colcon_core.environment:create_environment_scripts_only(slam)
[1.448s] INFO:colcon.colcon_core.shell:Creating package script '/home/khemin/final_ws/install/slam/share/slam/package.ps1'
[1.448s] INFO:colcon.colcon_core.shell:Creating package descriptor '/home/khemin/final_ws/install/slam/share/slam/package.dsv'
[1.448s] INFO:colcon.colcon_core.shell:Creating package script '/home/khemin/final_ws/install/slam/share/slam/package.sh'
[1.449s] INFO:colcon.colcon_core.shell:Creating package script '/home/khemin/final_ws/install/slam/share/slam/package.bash'
[1.449s] INFO:colcon.colcon_core.shell:Creating package script '/home/khemin/final_ws/install/slam/share/slam/package.zsh'
[1.449s] Level 1:colcon.colcon_core.environment:create_file_with_runtime_dependencies(/home/khemin/final_ws/install/slam/share/colcon-core/packages/slam)
[1.893s] DEBUG:colcon.colcon_core.event_handler.log_command:Invoked command in '/home/khemin/final_ws/build/rf2o_laser_odometry' returned '0': CMAKE_PREFIX_PATH=${CMAKE_PREFIX_PATH}:/home/khemin/final_ws/install/my_nav2_bringup:/home/khemin/final_ws/install/slam:/home/khemin/ros2_ws/install/my_robot_bringup:/home/khemin/rosbot_ws/install/rosbot_utils:/home/khemin/rosbot_ws/install/rosbot_bringup:/home/khemin/rosbot_ws/src/rosbot_ros/install/rosbot_gazebo:/home/khemin/rosbot_ws/src/rosbot_ros/install/rosbot_controller:/home/khemin/rosbot_ws/src/rosbot_ros/install/rosbot_utils:/home/khemin/rosbot_ws/src/rosbot_ros/install/rosbot_bringup:/home/khemin/ws_lidar/install/lidar_processing:/opt/ros/humble /usr/bin/cmake /home/khemin/final_ws/src/rf2o_laser_odometry -DCMAKE_INSTALL_PREFIX=/home/khemin/final_ws/install/rf2o_laser_odometry
[1.895s] DEBUG:colcon.colcon_core.event_handler.log_command:Invoking command in '/home/khemin/final_ws/build/rf2o_laser_odometry': CMAKE_PREFIX_PATH=${CMAKE_PREFIX_PATH}:/home/khemin/final_ws/install/my_nav2_bringup:/home/khemin/final_ws/install/slam:/home/khemin/ros2_ws/install/my_robot_bringup:/home/khemin/rosbot_ws/install/rosbot_utils:/home/khemin/rosbot_ws/install/rosbot_bringup:/home/khemin/rosbot_ws/src/rosbot_ros/install/rosbot_gazebo:/home/khemin/rosbot_ws/src/rosbot_ros/install/rosbot_controller:/home/khemin/rosbot_ws/src/rosbot_ros/install/rosbot_utils:/home/khemin/rosbot_ws/src/rosbot_ros/install/rosbot_bringup:/home/khemin/ws_lidar/install/lidar_processing:/opt/ros/humble /usr/bin/cmake --build /home/khemin/final_ws/build/rf2o_laser_odometry -- -j16 -l16
[1.896s] DEBUG:colcon.colcon_core.event_handler.log_command:Invoked command in '/home/khemin/final_ws/build/sllidar_ros2' returned '0': CMAKE_PREFIX_PATH=${CMAKE_PREFIX_PATH}:/home/khemin/final_ws/install/my_nav2_bringup:/home/khemin/final_ws/install/slam:/home/khemin/ros2_ws/install/my_robot_bringup:/home/khemin/rosbot_ws/install/rosbot_utils:/home/khemin/rosbot_ws/install/rosbot_bringup:/home/khemin/rosbot_ws/src/rosbot_ros/install/rosbot_gazebo:/home/khemin/rosbot_ws/src/rosbot_ros/install/rosbot_controller:/home/khemin/rosbot_ws/src/rosbot_ros/install/rosbot_utils:/home/khemin/rosbot_ws/src/rosbot_ros/install/rosbot_bringup:/home/khemin/ws_lidar/install/lidar_processing:/opt/ros/humble /usr/bin/cmake /home/khemin/final_ws/src/sllidar_ros2 -DCMAKE_INSTALL_PREFIX=/home/khemin/final_ws/install/sllidar_ros2
[1.897s] DEBUG:colcon.colcon_core.event_handler.log_command:Invoking command in '/home/khemin/final_ws/build/sllidar_ros2': CMAKE_PREFIX_PATH=${CMAKE_PREFIX_PATH}:/home/khemin/final_ws/install/my_nav2_bringup:/home/khemin/final_ws/install/slam:/home/khemin/ros2_ws/install/my_robot_bringup:/home/khemin/rosbot_ws/install/rosbot_utils:/home/khemin/rosbot_ws/install/rosbot_bringup:/home/khemin/rosbot_ws/src/rosbot_ros/install/rosbot_gazebo:/home/khemin/rosbot_ws/src/rosbot_ros/install/rosbot_controller:/home/khemin/rosbot_ws/src/rosbot_ros/install/rosbot_utils:/home/khemin/rosbot_ws/src/rosbot_ros/install/rosbot_bringup:/home/khemin/ws_lidar/install/lidar_processing:/opt/ros/humble /usr/bin/cmake --build /home/khemin/final_ws/build/sllidar_ros2 -- -j16 -l16
[9.371s] DEBUG:colcon.colcon_core.event_handler.log_command:Invoked command in '/home/khemin/final_ws/build/sllidar_ros2' returned '0': CMAKE_PREFIX_PATH=${CMAKE_PREFIX_PATH}:/home/khemin/final_ws/install/my_nav2_bringup:/home/khemin/final_ws/install/slam:/home/khemin/ros2_ws/install/my_robot_bringup:/home/khemin/rosbot_ws/install/rosbot_utils:/home/khemin/rosbot_ws/install/rosbot_bringup:/home/khemin/rosbot_ws/src/rosbot_ros/install/rosbot_gazebo:/home/khemin/rosbot_ws/src/rosbot_ros/install/rosbot_controller:/home/khemin/rosbot_ws/src/rosbot_ros/install/rosbot_utils:/home/khemin/rosbot_ws/src/rosbot_ros/install/rosbot_bringup:/home/khemin/ws_lidar/install/lidar_processing:/opt/ros/humble /usr/bin/cmake --build /home/khemin/final_ws/build/sllidar_ros2 -- -j16 -l16
[9.382s] DEBUG:colcon.colcon_core.event_handler.log_command:Invoking command in '/home/khemin/final_ws/build/sllidar_ros2': CMAKE_PREFIX_PATH=${CMAKE_PREFIX_PATH}:/home/khemin/final_ws/install/my_nav2_bringup:/home/khemin/final_ws/install/slam:/home/khemin/ros2_ws/install/my_robot_bringup:/home/khemin/rosbot_ws/install/rosbot_utils:/home/khemin/rosbot_ws/install/rosbot_bringup:/home/khemin/rosbot_ws/src/rosbot_ros/install/rosbot_gazebo:/home/khemin/rosbot_ws/src/rosbot_ros/install/rosbot_controller:/home/khemin/rosbot_ws/src/rosbot_ros/install/rosbot_utils:/home/khemin/rosbot_ws/src/rosbot_ros/install/rosbot_bringup:/home/khemin/ws_lidar/install/lidar_processing:/opt/ros/humble /usr/bin/cmake --install /home/khemin/final_ws/build/sllidar_ros2
[9.400s] Level 1:colcon.colcon_core.environment:create_environment_scripts_only(sllidar_ros2)
[9.401s] Level 1:colcon.colcon_core.environment:checking '/home/khemin/final_ws/install/sllidar_ros2' for CMake module files
[9.402s] DEBUG:colcon.colcon_core.event_handler.log_command:Invoked command in '/home/khemin/final_ws/build/sllidar_ros2' returned '0': CMAKE_PREFIX_PATH=${CMAKE_PREFIX_PATH}:/home/khemin/final_ws/install/my_nav2_bringup:/home/khemin/final_ws/install/slam:/home/khemin/ros2_ws/install/my_robot_bringup:/home/khemin/rosbot_ws/install/rosbot_utils:/home/khemin/rosbot_ws/install/rosbot_bringup:/home/khemin/rosbot_ws/src/rosbot_ros/install/rosbot_gazebo:/home/khemin/rosbot_ws/src/rosbot_ros/install/rosbot_controller:/home/khemin/rosbot_ws/src/rosbot_ros/install/rosbot_utils:/home/khemin/rosbot_ws/src/rosbot_ros/install/rosbot_bringup:/home/khemin/ws_lidar/install/lidar_processing:/opt/ros/humble /usr/bin/cmake --install /home/khemin/final_ws/build/sllidar_ros2
[9.402s] Level 1:colcon.colcon_core.environment:checking '/home/khemin/final_ws/install/sllidar_ros2' for CMake config files
[9.402s] Level 1:colcon.colcon_core.shell:create_environment_hook('sllidar_ros2', 'cmake_prefix_path')
[9.402s] INFO:colcon.colcon_core.shell:Creating environment hook '/home/khemin/final_ws/install/sllidar_ros2/share/sllidar_ros2/hook/cmake_prefix_path.ps1'
[9.403s] INFO:colcon.colcon_core.shell:Creating environment descriptor '/home/khemin/final_ws/install/sllidar_ros2/share/sllidar_ros2/hook/cmake_prefix_path.dsv'
[9.403s] INFO:colcon.colcon_core.shell:Creating environment hook '/home/khemin/final_ws/install/sllidar_ros2/share/sllidar_ros2/hook/cmake_prefix_path.sh'
[9.403s] Level 1:colcon.colcon_core.environment:checking '/home/khemin/final_ws/install/sllidar_ros2/lib'
[9.404s] Level 1:colcon.colcon_core.environment:checking '/home/khemin/final_ws/install/sllidar_ros2/bin'
[9.404s] Level 1:colcon.colcon_core.environment:checking '/home/khemin/final_ws/install/sllidar_ros2/lib/pkgconfig/sllidar_ros2.pc'
[9.404s] Level 1:colcon.colcon_core.environment:checking '/home/khemin/final_ws/install/sllidar_ros2/lib/python3.10/site-packages'
[9.404s] Level 1:colcon.colcon_core.environment:checking '/home/khemin/final_ws/install/sllidar_ros2/bin'
[9.404s] INFO:colcon.colcon_core.shell:Creating package script '/home/khemin/final_ws/install/sllidar_ros2/share/sllidar_ros2/package.ps1'
[9.405s] INFO:colcon.colcon_core.shell:Creating package descriptor '/home/khemin/final_ws/install/sllidar_ros2/share/sllidar_ros2/package.dsv'
[9.405s] INFO:colcon.colcon_core.shell:Creating package script '/home/khemin/final_ws/install/sllidar_ros2/share/sllidar_ros2/package.sh'
[9.405s] INFO:colcon.colcon_core.shell:Creating package script '/home/khemin/final_ws/install/sllidar_ros2/share/sllidar_ros2/package.bash'
[9.405s] INFO:colcon.colcon_core.shell:Creating package script '/home/khemin/final_ws/install/sllidar_ros2/share/sllidar_ros2/package.zsh'
[9.406s] Level 1:colcon.colcon_core.environment:create_file_with_runtime_dependencies(/home/khemin/final_ws/install/sllidar_ros2/share/colcon-core/packages/sllidar_ros2)
[9.406s] Level 1:colcon.colcon_core.environment:create_environment_scripts_only(sllidar_ros2)
[9.406s] Level 1:colcon.colcon_core.environment:checking '/home/khemin/final_ws/install/sllidar_ros2' for CMake module files
[9.407s] Level 1:colcon.colcon_core.environment:checking '/home/khemin/final_ws/install/sllidar_ros2' for CMake config files
[9.407s] Level 1:colcon.colcon_core.shell:create_environment_hook('sllidar_ros2', 'cmake_prefix_path')
[9.407s] INFO:colcon.colcon_core.shell:Creating environment hook '/home/khemin/final_ws/install/sllidar_ros2/share/sllidar_ros2/hook/cmake_prefix_path.ps1'
[9.407s] INFO:colcon.colcon_core.shell:Creating environment descriptor '/home/khemin/final_ws/install/sllidar_ros2/share/sllidar_ros2/hook/cmake_prefix_path.dsv'
[9.407s] INFO:colcon.colcon_core.shell:Creating environment hook '/home/khemin/final_ws/install/sllidar_ros2/share/sllidar_ros2/hook/cmake_prefix_path.sh'
[9.408s] Level 1:colcon.colcon_core.environment:checking '/home/khemin/final_ws/install/sllidar_ros2/lib'
[9.408s] Level 1:colcon.colcon_core.environment:checking '/home/khemin/final_ws/install/sllidar_ros2/bin'
[9.408s] Level 1:colcon.colcon_core.environment:checking '/home/khemin/final_ws/install/sllidar_ros2/lib/pkgconfig/sllidar_ros2.pc'
[9.408s] Level 1:colcon.colcon_core.environment:checking '/home/khemin/final_ws/install/sllidar_ros2/lib/python3.10/site-packages'
[9.408s] Level 1:colcon.colcon_core.environment:checking '/home/khemin/final_ws/install/sllidar_ros2/bin'
[9.408s] INFO:colcon.colcon_core.shell:Creating package script '/home/khemin/final_ws/install/sllidar_ros2/share/sllidar_ros2/package.ps1'
[9.409s] INFO:colcon.colcon_core.shell:Creating package descriptor '/home/khemin/final_ws/install/sllidar_ros2/share/sllidar_ros2/package.dsv'
[9.409s] INFO:colcon.colcon_core.shell:Creating package script '/home/khemin/final_ws/install/sllidar_ros2/share/sllidar_ros2/package.sh'
[9.409s] INFO:colcon.colcon_core.shell:Creating package script '/home/khemin/final_ws/install/sllidar_ros2/share/sllidar_ros2/package.bash'
[9.410s] INFO:colcon.colcon_core.shell:Creating package script '/home/khemin/final_ws/install/sllidar_ros2/share/sllidar_ros2/package.zsh'
[9.410s] Level 1:colcon.colcon_core.environment:create_file_with_runtime_dependencies(/home/khemin/final_ws/install/sllidar_ros2/share/colcon-core/packages/sllidar_ros2)
[20.352s] DEBUG:colcon.colcon_core.event_handler.log_command:Invoked command in '/home/khemin/final_ws/build/rf2o_laser_odometry' returned '0': CMAKE_PREFIX_PATH=${CMAKE_PREFIX_PATH}:/home/khemin/final_ws/install/my_nav2_bringup:/home/khemin/final_ws/install/slam:/home/khemin/ros2_ws/install/my_robot_bringup:/home/khemin/rosbot_ws/install/rosbot_utils:/home/khemin/rosbot_ws/install/rosbot_bringup:/home/khemin/rosbot_ws/src/rosbot_ros/install/rosbot_gazebo:/home/khemin/rosbot_ws/src/rosbot_ros/install/rosbot_controller:/home/khemin/rosbot_ws/src/rosbot_ros/install/rosbot_utils:/home/khemin/rosbot_ws/src/rosbot_ros/install/rosbot_bringup:/home/khemin/ws_lidar/install/lidar_processing:/opt/ros/humble /usr/bin/cmake --build /home/khemin/final_ws/build/rf2o_laser_odometry -- -j16 -l16
[20.354s] DEBUG:colcon.colcon_core.event_handler.log_command:Invoking command in '/home/khemin/final_ws/build/rf2o_laser_odometry': CMAKE_PREFIX_PATH=${CMAKE_PREFIX_PATH}:/home/khemin/final_ws/install/my_nav2_bringup:/home/khemin/final_ws/install/slam:/home/khemin/ros2_ws/install/my_robot_bringup:/home/khemin/rosbot_ws/install/rosbot_utils:/home/khemin/rosbot_ws/install/rosbot_bringup:/home/khemin/rosbot_ws/src/rosbot_ros/install/rosbot_gazebo:/home/khemin/rosbot_ws/src/rosbot_ros/install/rosbot_controller:/home/khemin/rosbot_ws/src/rosbot_ros/install/rosbot_utils:/home/khemin/rosbot_ws/src/rosbot_ros/install/rosbot_bringup:/home/khemin/ws_lidar/install/lidar_processing:/opt/ros/humble /usr/bin/cmake --install /home/khemin/final_ws/build/rf2o_laser_odometry
[20.374s] Level 1:colcon.colcon_core.environment:create_environment_scripts_only(rf2o_laser_odometry)
[20.375s] Level 1:colcon.colcon_core.environment:checking '/home/khemin/final_ws/install/rf2o_laser_odometry' for CMake module files
[20.375s] DEBUG:colcon.colcon_core.event_handler.log_command:Invoked command in '/home/khemin/final_ws/build/rf2o_laser_odometry' returned '0': CMAKE_PREFIX_PATH=${CMAKE_PREFIX_PATH}:/home/khemin/final_ws/install/my_nav2_bringup:/home/khemin/final_ws/install/slam:/home/khemin/ros2_ws/install/my_robot_bringup:/home/khemin/rosbot_ws/install/rosbot_utils:/home/khemin/rosbot_ws/install/rosbot_bringup:/home/khemin/rosbot_ws/src/rosbot_ros/install/rosbot_gazebo:/home/khemin/rosbot_ws/src/rosbot_ros/install/rosbot_controller:/home/khemin/rosbot_ws/src/rosbot_ros/install/rosbot_utils:/home/khemin/rosbot_ws/src/rosbot_ros/install/rosbot_bringup:/home/khemin/ws_lidar/install/lidar_processing:/opt/ros/humble /usr/bin/cmake --install /home/khemin/final_ws/build/rf2o_laser_odometry
[20.375s] Level 1:colcon.colcon_core.environment:checking '/home/khemin/final_ws/install/rf2o_laser_odometry' for CMake config files
[20.376s] Level 1:colcon.colcon_core.shell:create_environment_hook('rf2o_laser_odometry', 'cmake_prefix_path')
[20.376s] INFO:colcon.colcon_core.shell:Creating environment hook '/home/khemin/final_ws/install/rf2o_laser_odometry/share/rf2o_laser_odometry/hook/cmake_prefix_path.ps1'
[20.376s] INFO:colcon.colcon_core.shell:Creating environment descriptor '/home/khemin/final_ws/install/rf2o_laser_odometry/share/rf2o_laser_odometry/hook/cmake_prefix_path.dsv'
[20.376s] INFO:colcon.colcon_core.shell:Creating environment hook '/home/khemin/final_ws/install/rf2o_laser_odometry/share/rf2o_laser_odometry/hook/cmake_prefix_path.sh'
[20.377s] Level 1:colcon.colcon_core.environment:checking '/home/khemin/final_ws/install/rf2o_laser_odometry/lib'
[20.377s] Level 1:colcon.colcon_core.environment:checking '/home/khemin/final_ws/install/rf2o_laser_odometry/bin'
[20.377s] Level 1:colcon.colcon_core.environment:checking '/home/khemin/final_ws/install/rf2o_laser_odometry/lib/pkgconfig/rf2o_laser_odometry.pc'
[20.377s] Level 1:colcon.colcon_core.environment:checking '/home/khemin/final_ws/install/rf2o_laser_odometry/lib/python3.10/site-packages'
[20.377s] Level 1:colcon.colcon_core.environment:checking '/home/khemin/final_ws/install/rf2o_laser_odometry/bin'
[20.377s] INFO:colcon.colcon_core.shell:Creating package script '/home/khemin/final_ws/install/rf2o_laser_odometry/share/rf2o_laser_odometry/package.ps1'
[20.378s] INFO:colcon.colcon_core.shell:Creating package descriptor '/home/khemin/final_ws/install/rf2o_laser_odometry/share/rf2o_laser_odometry/package.dsv'
[20.378s] INFO:colcon.colcon_core.shell:Creating package script '/home/khemin/final_ws/install/rf2o_laser_odometry/share/rf2o_laser_odometry/package.sh'
[20.379s] INFO:colcon.colcon_core.shell:Creating package script '/home/khemin/final_ws/install/rf2o_laser_odometry/share/rf2o_laser_odometry/package.bash'
[20.379s] INFO:colcon.colcon_core.shell:Creating package script '/home/khemin/final_ws/install/rf2o_laser_odometry/share/rf2o_laser_odometry/package.zsh'
[20.379s] Level 1:colcon.colcon_core.environment:create_file_with_runtime_dependencies(/home/khemin/final_ws/install/rf2o_laser_odometry/share/colcon-core/packages/rf2o_laser_odometry)
[20.380s] Level 1:colcon.colcon_core.environment:create_environment_scripts_only(rf2o_laser_odometry)
[20.380s] Level 1:colcon.colcon_core.environment:checking '/home/khemin/final_ws/install/rf2o_laser_odometry' for CMake module files
[20.380s] Level 1:colcon.colcon_core.environment:checking '/home/khemin/final_ws/install/rf2o_laser_odometry' for CMake config files
[20.380s] Level 1:colcon.colcon_core.shell:create_environment_hook('rf2o_laser_odometry', 'cmake_prefix_path')
[20.380s] INFO:colcon.colcon_core.shell:Creating environment hook '/home/khemin/final_ws/install/rf2o_laser_odometry/share/rf2o_laser_odometry/hook/cmake_prefix_path.ps1'
[20.381s] INFO:colcon.colcon_core.shell:Creating environment descriptor '/home/khemin/final_ws/install/rf2o_laser_odometry/share/rf2o_laser_odometry/hook/cmake_prefix_path.dsv'
[20.381s] INFO:colcon.colcon_core.shell:Creating environment hook '/home/khemin/final_ws/install/rf2o_laser_odometry/share/rf2o_laser_odometry/hook/cmake_prefix_path.sh'
[20.381s] Level 1:colcon.colcon_core.environment:checking '/home/khemin/final_ws/install/rf2o_laser_odometry/lib'
[20.381s] Level 1:colcon.colcon_core.environment:checking '/home/khemin/final_ws/install/rf2o_laser_odometry/bin'
[20.381s] Level 1:colcon.colcon_core.environment:checking '/home/khemin/final_ws/install/rf2o_laser_odometry/lib/pkgconfig/rf2o_laser_odometry.pc'
[20.381s] Level 1:colcon.colcon_core.environment:checking '/home/khemin/final_ws/install/rf2o_laser_odometry/lib/python3.10/site-packages'
[20.381s] Level 1:colcon.colcon_core.environment:checking '/home/khemin/final_ws/install/rf2o_laser_odometry/bin'
[20.382s] INFO:colcon.colcon_core.shell:Creating package script '/home/khemin/final_ws/install/rf2o_laser_odometry/share/rf2o_laser_odometry/package.ps1'
[20.382s] INFO:colcon.colcon_core.shell:Creating package descriptor '/home/khemin/final_ws/install/rf2o_laser_odometry/share/rf2o_laser_odometry/package.dsv'
[20.382s] INFO:colcon.colcon_core.shell:Creating package script '/home/khemin/final_ws/install/rf2o_laser_odometry/share/rf2o_laser_odometry/package.sh'
[20.383s] INFO:colcon.colcon_core.shell:Creating package script '/home/khemin/final_ws/install/rf2o_laser_odometry/share/rf2o_laser_odometry/package.bash'
[20.383s] INFO:colcon.colcon_core.shell:Creating package script '/home/khemin/final_ws/install/rf2o_laser_odometry/share/rf2o_laser_odometry/package.zsh'
[20.383s] Level 1:colcon.colcon_core.environment:create_file_with_runtime_dependencies(/home/khemin/final_ws/install/rf2o_laser_odometry/share/colcon-core/packages/rf2o_laser_odometry)
[20.383s] DEBUG:colcon.colcon_parallel_executor.executor.parallel:closing loop
[20.384s] DEBUG:colcon.colcon_parallel_executor.executor.parallel:loop closed
[20.384s] DEBUG:colcon.colcon_parallel_executor.executor.parallel:run_until_complete finished with '0'
[20.384s] DEBUG:colcon.colcon_core.event_reactor:joining thread
[20.389s] INFO:colcon.colcon_core.plugin_system:Skipping extension 'colcon_notification.desktop_notification.terminal_notifier': Not used on non-Darwin systems
[20.389s] INFO:colcon.colcon_core.plugin_system:Skipping extension 'colcon_notification.desktop_notification.win32': Not used on non-Windows systems
[20.389s] INFO:colcon.colcon_notification.desktop_notification:Sending desktop notification using 'notify2'
[20.397s] DEBUG:colcon.colcon_core.event_reactor:joined thread
[20.398s] INFO:colcon.colcon_core.shell:Creating prefix script '/home/khemin/final_ws/install/local_setup.ps1'
[20.399s] INFO:colcon.colcon_core.shell:Creating prefix util module '/home/khemin/final_ws/install/_local_setup_util_ps1.py'
[20.400s] INFO:colcon.colcon_core.shell:Creating prefix chain script '/home/khemin/final_ws/install/setup.ps1'
[20.401s] INFO:colcon.colcon_core.shell:Creating prefix script '/home/khemin/final_ws/install/local_setup.sh'
[20.401s] INFO:colcon.colcon_core.shell:Creating prefix util module '/home/khemin/final_ws/install/_local_setup_util_sh.py'
[20.402s] INFO:colcon.colcon_core.shell:Creating prefix chain script '/home/khemin/final_ws/install/setup.sh'
[20.403s] INFO:colcon.colcon_core.shell:Creating prefix script '/home/khemin/final_ws/install/local_setup.bash'
[20.403s] INFO:colcon.colcon_core.shell:Creating prefix chain script '/home/khemin/final_ws/install/setup.bash'
[20.405s] INFO:colcon.colcon_core.shell:Creating prefix script '/home/khemin/final_ws/install/local_setup.zsh'
[20.405s] INFO:colcon.colcon_core.shell:Creating prefix chain script '/home/khemin/final_ws/install/setup.zsh'
