[0.184s] Invoking command in '/home/khemin/final_ws/build/rplidar_ros': /usr/bin/cmake /home/khemin/final_ws/src/rplidar_ros -DCATKIN_INSTALL_INTO_PREFIX_ROOT=0 -DCMAKE_INSTALL_PREFIX=/home/khemin/final_ws/install/rplidar_ros
[0.346s] -- The C compiler identification is GNU 11.4.0
[0.347s] [0mCMake Deprecation Warning at CMakeLists.txt:1 (cmake_minimum_required):
[0.347s]   Compatibility with CMake < 2.8.12 will be removed from a future version of
[0.347s]   CMake.
[0.347s] 
[0.347s]   Update the VERSION argument <min> value or use a ...<max> suffix to tell
[0.347s]   CMake that the project does not need compatibility with older versions.
[0.347s] 
[0.347s] [0m
[0.396s] -- The CXX compiler identification is GNU 11.4.0
[0.406s] -- Detecting C compiler ABI info
[0.475s] -- Detecting C compiler ABI info - done
[0.480s] -- Check for working C compiler: /usr/bin/cc - skipped
[0.481s] -- Detecting C compile features
[0.481s] -- Detecting C compile features - done
[0.485s] -- Detecting CXX compiler ABI info
[0.562s] -- Detecting CXX compiler ABI info - done
[0.568s] -- Check for working CXX compiler: /usr/bin/c++ - skipped
[0.568s] -- Detecting CXX compile features
[0.569s] -- Detecting CXX compile features - done
[0.584s] [31mCMake Error at CMakeLists.txt:16 (find_package):
[0.584s]   By not providing "Findcatkin.cmake" in CMAKE_MODULE_PATH this project has
[0.584s]   asked CMake to find a package configuration file provided by "catkin", but
[0.584s]   CMake did not find one.
[0.584s] 
[0.584s]   Could not find a package configuration file provided by "catkin" with any
[0.585s]   of the following names:
[0.585s] 
[0.585s]     catkinConfig.cmake
[0.585s]     catkin-config.cmake
[0.585s] 
[0.585s]   Add the installation prefix of "catkin" to CMAKE_PREFIX_PATH or set
[0.585s]   "catkin_DIR" to a directory containing one of the above files.  If "catkin"
[0.585s]   provides a separate development package or SDK, be sure it has been
[0.585s]   installed.
[0.585s] 
[0.585s] [0m
[0.585s] -- Configuring incomplete, errors occurred!
[0.585s] See also "/home/khemin/final_ws/build/rplidar_ros/CMakeFiles/CMakeOutput.log".
[0.588s] Invoked command in '/home/khemin/final_ws/build/rplidar_ros' returned '1': /usr/bin/cmake /home/khemin/final_ws/src/rplidar_ros -DCATKIN_INSTALL_INTO_PREFIX_ROOT=0 -DCMAKE_INSTALL_PREFIX=/home/khemin/final_ws/install/rplidar_ros
