[0.171s] Invoking command in '/home/khemin/final_ws/build/rf2o_laser_odometry': CMAKE_PREFIX_PATH=${CMAKE_PREFIX_PATH}:/home/khemin/final_ws/install/slam:/home/khemin/final_ws/install/my_nav2_bringup:/home/khemin/ros2_ws/install/my_robot_bringup:/home/khemin/rosbot_ws/install/rosbot_utils:/home/khemin/rosbot_ws/install/rosbot_bringup:/home/khemin/rosbot_ws/src/rosbot_ros/install/rosbot_gazebo:/home/khemin/rosbot_ws/src/rosbot_ros/install/rosbot_controller:/home/khemin/rosbot_ws/src/rosbot_ros/install/rosbot_utils:/home/khemin/rosbot_ws/src/rosbot_ros/install/rosbot_bringup:/home/khemin/ws_lidar/install/lidar_processing:/opt/ros/humble /usr/bin/cmake --build /home/khemin/final_ws/build/rf2o_laser_odometry -- -j16 -l16
[0.325s] [ 80%] Built target rf2o_laser_odometry
[0.325s] [100%] Built target rf2o_laser_odometry_node
[0.329s] Invoked command in '/home/khemin/final_ws/build/rf2o_laser_odometry' returned '0': CMAKE_PREFIX_PATH=${CMAKE_PREFIX_PATH}:/home/khemin/final_ws/install/slam:/home/khemin/final_ws/install/my_nav2_bringup:/home/khemin/ros2_ws/install/my_robot_bringup:/home/khemin/rosbot_ws/install/rosbot_utils:/home/khemin/rosbot_ws/install/rosbot_bringup:/home/khemin/rosbot_ws/src/rosbot_ros/install/rosbot_gazebo:/home/khemin/rosbot_ws/src/rosbot_ros/install/rosbot_controller:/home/khemin/rosbot_ws/src/rosbot_ros/install/rosbot_utils:/home/khemin/rosbot_ws/src/rosbot_ros/install/rosbot_bringup:/home/khemin/ws_lidar/install/lidar_processing:/opt/ros/humble /usr/bin/cmake --build /home/khemin/final_ws/build/rf2o_laser_odometry -- -j16 -l16
[0.337s] Invoking command in '/home/khemin/final_ws/build/rf2o_laser_odometry': CMAKE_PREFIX_PATH=${CMAKE_PREFIX_PATH}:/home/khemin/final_ws/install/slam:/home/khemin/final_ws/install/my_nav2_bringup:/home/khemin/ros2_ws/install/my_robot_bringup:/home/khemin/rosbot_ws/install/rosbot_utils:/home/khemin/rosbot_ws/install/rosbot_bringup:/home/khemin/rosbot_ws/src/rosbot_ros/install/rosbot_gazebo:/home/khemin/rosbot_ws/src/rosbot_ros/install/rosbot_controller:/home/khemin/rosbot_ws/src/rosbot_ros/install/rosbot_utils:/home/khemin/rosbot_ws/src/rosbot_ros/install/rosbot_bringup:/home/khemin/ws_lidar/install/lidar_processing:/opt/ros/humble /usr/bin/cmake --install /home/khemin/final_ws/build/rf2o_laser_odometry
[0.343s] -- Install configuration: ""
[0.343s] -- Up-to-date: /home/khemin/final_ws/install/rf2o_laser_odometry/lib/rf2o_laser_odometry/rf2o_laser_odometry_node
[0.343s] -- Up-to-date: /home/khemin/final_ws/install/rf2o_laser_odometry/share/rf2o_laser_odometry/launch
[0.343s] -- Up-to-date: /home/khemin/final_ws/install/rf2o_laser_odometry/share/rf2o_laser_odometry/launch/rf2o_laser_odometry.launch.py
[0.343s] -- Up-to-date: /home/khemin/final_ws/install/rf2o_laser_odometry/share/ament_index/resource_index/package_run_dependencies/rf2o_laser_odometry
[0.343s] -- Up-to-date: /home/khemin/final_ws/install/rf2o_laser_odometry/share/ament_index/resource_index/parent_prefix_path/rf2o_laser_odometry
[0.343s] -- Up-to-date: /home/khemin/final_ws/install/rf2o_laser_odometry/share/rf2o_laser_odometry/environment/ament_prefix_path.sh
[0.344s] -- Up-to-date: /home/khemin/final_ws/install/rf2o_laser_odometry/share/rf2o_laser_odometry/environment/ament_prefix_path.dsv
[0.344s] -- Up-to-date: /home/khemin/final_ws/install/rf2o_laser_odometry/share/rf2o_laser_odometry/environment/path.sh
[0.344s] -- Up-to-date: /home/khemin/final_ws/install/rf2o_laser_odometry/share/rf2o_laser_odometry/environment/path.dsv
[0.344s] -- Up-to-date: /home/khemin/final_ws/install/rf2o_laser_odometry/share/rf2o_laser_odometry/local_setup.bash
[0.344s] -- Up-to-date: /home/khemin/final_ws/install/rf2o_laser_odometry/share/rf2o_laser_odometry/local_setup.sh
[0.344s] -- Up-to-date: /home/khemin/final_ws/install/rf2o_laser_odometry/share/rf2o_laser_odometry/local_setup.zsh
[0.344s] -- Up-to-date: /home/khemin/final_ws/install/rf2o_laser_odometry/share/rf2o_laser_odometry/local_setup.dsv
[0.344s] -- Installing: /home/khemin/final_ws/install/rf2o_laser_odometry/share/rf2o_laser_odometry/package.dsv
[0.344s] -- Up-to-date: /home/khemin/final_ws/install/rf2o_laser_odometry/share/ament_index/resource_index/packages/rf2o_laser_odometry
[0.344s] -- Up-to-date: /home/khemin/final_ws/install/rf2o_laser_odometry/share/rf2o_laser_odometry/cmake/rf2o_laser_odometryConfig.cmake
[0.344s] -- Up-to-date: /home/khemin/final_ws/install/rf2o_laser_odometry/share/rf2o_laser_odometry/cmake/rf2o_laser_odometryConfig-version.cmake
[0.344s] -- Up-to-date: /home/khemin/final_ws/install/rf2o_laser_odometry/share/rf2o_laser_odometry/package.xml
[0.345s] Invoked command in '/home/khemin/final_ws/build/rf2o_laser_odometry' returned '0': CMAKE_PREFIX_PATH=${CMAKE_PREFIX_PATH}:/home/khemin/final_ws/install/slam:/home/khemin/final_ws/install/my_nav2_bringup:/home/khemin/ros2_ws/install/my_robot_bringup:/home/khemin/rosbot_ws/install/rosbot_utils:/home/khemin/rosbot_ws/install/rosbot_bringup:/home/khemin/rosbot_ws/src/rosbot_ros/install/rosbot_gazebo:/home/khemin/rosbot_ws/src/rosbot_ros/install/rosbot_controller:/home/khemin/rosbot_ws/src/rosbot_ros/install/rosbot_utils:/home/khemin/rosbot_ws/src/rosbot_ros/install/rosbot_bringup:/home/khemin/ws_lidar/install/lidar_processing:/opt/ros/humble /usr/bin/cmake --install /home/khemin/final_ws/build/rf2o_laser_odometry
