[0.813s] Invoking command in '/home/khemin/final_ws/src/slam': PYTHONPATH=/home/khemin/final_ws/build/slam/prefix_override:/usr/lib/python3/dist-packages/colcon_core/task/python/colcon_distutils_commands:/home/khemin/final_ws/install/slam/lib/python3.10/site-packages:${PYTHONPATH} /usr/bin/python3 -W ignore:setup.py install is deprecated -W ignore:easy_install command is deprecated setup.py egg_info --egg-base ../../build/slam build --build-base /home/khemin/final_ws/build/slam/build install --record /home/khemin/final_ws/build/slam/install.log --single-version-externally-managed install_data
[1.007s] running egg_info
[1.007s] creating ../../build/slam/slam.egg-info
[1.020s] writing ../../build/slam/slam.egg-info/PKG-INFO
[1.020s] writing dependency_links to ../../build/slam/slam.egg-info/dependency_links.txt
[1.020s] writing requirements to ../../build/slam/slam.egg-info/requires.txt
[1.020s] writing top-level names to ../../build/slam/slam.egg-info/top_level.txt
[1.020s] writing manifest file '../../build/slam/slam.egg-info/SOURCES.txt'
[1.046s] reading manifest file '../../build/slam/slam.egg-info/SOURCES.txt'
[1.046s] writing manifest file '../../build/slam/slam.egg-info/SOURCES.txt'
[1.046s] running build
[1.047s] running build_py
[1.047s] creating /home/khemin/final_ws/build/slam/build
[1.047s] creating /home/khemin/final_ws/build/slam/build/lib
[1.047s] creating /home/khemin/final_ws/build/slam/build/lib/slam
[1.047s] copying slam/__init__.py -> /home/khemin/final_ws/build/slam/build/lib/slam
[1.047s] running install
[1.051s] running install_lib
[1.063s] creating /home/khemin/final_ws/install/slam/lib/python3.10/site-packages/slam
[1.064s] copying /home/khemin/final_ws/build/slam/build/lib/slam/__init__.py -> /home/khemin/final_ws/install/slam/lib/python3.10/site-packages/slam
[1.064s] byte-compiling /home/khemin/final_ws/install/slam/lib/python3.10/site-packages/slam/__init__.py to __init__.cpython-310.pyc
[1.064s] running install_data
[1.064s] creating /home/khemin/final_ws/install/slam/share/ament_index
[1.065s] creating /home/khemin/final_ws/install/slam/share/ament_index/resource_index
[1.065s] creating /home/khemin/final_ws/install/slam/share/ament_index/resource_index/packages
[1.065s] copying resource/slam -> /home/khemin/final_ws/install/slam/share/ament_index/resource_index/packages
[1.065s] copying package.xml -> /home/khemin/final_ws/install/slam/share/slam
[1.065s] creating /home/khemin/final_ws/install/slam/share/slam/launch
[1.065s] copying launch/slam_toolbox_launch.py -> /home/khemin/final_ws/install/slam/share/slam/launch
[1.065s] running install_egg_info
[1.078s] Copying ../../build/slam/slam.egg-info to /home/khemin/final_ws/install/slam/lib/python3.10/site-packages/slam-0.0.0-py3.10.egg-info
[1.079s] running install_scripts
[1.209s] writing list of installed files to '/home/khemin/final_ws/build/slam/install.log'
[1.234s] Invoked command in '/home/khemin/final_ws/src/slam' returned '0': PYTHONPATH=/home/khemin/final_ws/build/slam/prefix_override:/usr/lib/python3/dist-packages/colcon_core/task/python/colcon_distutils_commands:/home/khemin/final_ws/install/slam/lib/python3.10/site-packages:${PYTHONPATH} /usr/bin/python3 -W ignore:setup.py install is deprecated -W ignore:easy_install command is deprecated setup.py egg_info --egg-base ../../build/slam build --build-base /home/khemin/final_ws/build/slam/build install --record /home/khemin/final_ws/build/slam/install.log --single-version-externally-managed install_data
