[0.642s] Invoking command in '/home/khemin/final_ws/src/slam': PYTHONPATH=/home/khemin/final_ws/build/slam/prefix_override:/usr/lib/python3/dist-packages/colcon_core/task/python/colcon_distutils_commands:/home/khemin/final_ws/install/slam/lib/python3.10/site-packages:${PYTHONPATH} /usr/bin/python3 -W ignore:setup.py install is deprecated -W ignore:easy_install command is deprecated setup.py egg_info --egg-base ../../build/slam build --build-base /home/khemin/final_ws/build/slam/build install --record /home/khemin/final_ws/build/slam/install.log --single-version-externally-managed install_data
[0.826s] running egg_info
[0.838s] writing ../../build/slam/slam.egg-info/PKG-INFO
[0.839s] writing dependency_links to ../../build/slam/slam.egg-info/dependency_links.txt
[0.839s] writing requirements to ../../build/slam/slam.egg-info/requires.txt
[0.839s] writing top-level names to ../../build/slam/slam.egg-info/top_level.txt
[0.864s] reading manifest file '../../build/slam/slam.egg-info/SOURCES.txt'
[0.864s] writing manifest file '../../build/slam/slam.egg-info/SOURCES.txt'
[0.864s] running build
[0.864s] running build_py
[0.865s] running install
[0.869s] running install_lib
[0.881s] running install_data
[0.882s] creating /home/khemin/final_ws/install/slam/share/slam/launch
[0.882s] copying launch/slam_toolbox_launch.py -> /home/khemin/final_ws/install/slam/share/slam/launch
[0.882s] running install_egg_info
[0.896s] removing '/home/khemin/final_ws/install/slam/lib/python3.10/site-packages/slam-0.0.0-py3.10.egg-info' (and everything under it)
[0.896s] Copying ../../build/slam/slam.egg-info to /home/khemin/final_ws/install/slam/lib/python3.10/site-packages/slam-0.0.0-py3.10.egg-info
[0.897s] running install_scripts
[1.022s] writing list of installed files to '/home/khemin/final_ws/build/slam/install.log'
[1.042s] Invoked command in '/home/khemin/final_ws/src/slam' returned '0': PYTHONPATH=/home/khemin/final_ws/build/slam/prefix_override:/usr/lib/python3/dist-packages/colcon_core/task/python/colcon_distutils_commands:/home/khemin/final_ws/install/slam/lib/python3.10/site-packages:${PYTHONPATH} /usr/bin/python3 -W ignore:setup.py install is deprecated -W ignore:easy_install command is deprecated setup.py egg_info --egg-base ../../build/slam build --build-base /home/khemin/final_ws/build/slam/build install --record /home/khemin/final_ws/build/slam/install.log --single-version-externally-managed install_data
